interpretAR/build/outputs/logs/manifest-merger-debug-report.txt
-- Merging decision tree log ---
manifest
ADDED from src\main\AndroidManifest.xml:2:1-81:12
INJECTED from src\main\AndroidManifest.xml:2:1-81:12
INJECTED from src\main\AndroidManifest.xml:2:1-81:12
INJECTED from src\main\AndroidManifest.xml:2:1-81:12
MERGED from [:VuforiaWrapper:] AndroidManifest.xml:2:1-32:12
MERGED from [com.android.support:appcompat-v7:28.0.0] AndroidManifest.xml:17:1-22:12
MERGED from [com.android.support.constraint:constraint-layout:1.1.3] AndroidManifest.xml:2:1-11:12
MERGED from [com.microsoft.cognitiveservices.speech:client-sdk:1.2.0] AndroidManifest.xml:2:1-14:12
MERGED from [com.android.support:support-fragment:28.0.0] AndroidManifest.xml:17:1-22:12
MERGED from [com.android.support:animated-vector-drawable:28.0.0] AndroidManifest.xml:17:1-22:12
MERGED from [com.android.support:support-core-ui:28.0.0] AndroidManifest.xml:17:1-22:12
MERGED from [com.android.support:support-core-utils:28.0.0] AndroidManifest.xml:17:1-22:12
MERGED from [com.android.support:support-vector-drawable:28.0.0] AndroidManifest.xml:17:1-22:12
MERGED from [com.android.support:loader:28.0.0] AndroidManifest.xml:17:1-22:12
MERGED from [com.android.support:viewpager:28.0.0] AndroidManifest.xml:17:1-22:12
MERGED from [com.android.support:coordinatorlayout:28.0.0] AndroidManifest.xml:17:1-22:12
MERGED from [com.android.support:drawerlayout:28.0.0] AndroidManifest.xml:17:1-22:12
MERGED from [com.android.support:slidingpanelayout:28.0.0] AndroidManifest.xml:17:1-22:12
MERGED from [com.android.support:customview:28.0.0] AndroidManifest.xml:17:1-22:12
MERGED from [com.android.support:swiperefreshlayout:28.0.0] AndroidManifest.xml:17:1-22:12
MERGED from [com.android.support:asynclayoutinflater:28.0.0] AndroidManifest.xml:17:1-22:12
MERGED from [com.android.support:support-compat:28.0.0] AndroidManifest.xml:17:1-24:12
MERGED from [com.android.support:versionedparcelable:28.0.0] AndroidManifest.xml:17:1-25:12
MERGED from [com.android.support:cursoradapter:28.0.0] AndroidManifest.xml:17:1-22:12
MERGED from [android.arch.lifecycle:runtime:1.1.1] AndroidManifest.xml:17:1-22:12
MERGED from [com.android.support:documentfile:28.0.0] AndroidManifest.xml:17:1-22:12
MERGED from [com.android.support:localbroadcastmanager:28.0.0] AndroidManifest.xml:17:1-22:12
MERGED from [com.android.support:print:28.0.0] AndroidManifest.xml:17:1-22:12
MERGED from [android.arch.lifecycle:viewmodel:1.1.1] AndroidManifest.xml:17:1-22:12
MERGED from [android.arch.lifecycle:livedata:1.1.1] AndroidManifest.xml:17:1-22:12
MERGED from [android.arch.lifecycle:livedata-core:1.1.1] AndroidManifest.xml:17:1-22:12
MERGED from [android.arch.core:runtime:1.1.1] AndroidManifest.xml:17:1-22:12
MERGED from [com.android.support:interpolator:28.0.0] AndroidManifest.xml:17:1-22:12
INJECTED from src\main\AndroidManifest.xml:2:1-81:12
INJECTED from src\main\AndroidManifest.xml:2:1-81:12
INJECTED from src\main\AndroidManifest.xml:2:1-81:12
	package
		ADDED from src\main\AndroidManifest.xml:4:5-43
		INJECTED from src\main\AndroidManifest.xml
		INJECTED from src\main\AndroidManifest.xml
	android:versionName
		INJECTED from src\main\AndroidManifest.xml
		ADDED from src\main\AndroidManifest.xml:2:1-81:12
		INJECTED from src\main\AndroidManifest.xml
	xmlns:tools
		ADDED from src\main\AndroidManifest.xml:3:5-51
	android:versionCode
		INJECTED from src\main\AndroidManifest.xml
		ADDED from src\main\AndroidManifest.xml:2:1-81:12
		INJECTED from src\main\AndroidManifest.xml
	xmlns:android
		ADDED from src\main\AndroidManifest.xml:2:11-69
	android:installLocation
		ADDED from src\main\AndroidManifest.xml:4:44-84
uses-permission#android.permission.CAMERA
ADDED from src\main\AndroidManifest.xml:5:3-63
MERGED from [:VuforiaWrapper:] AndroidManifest.xml:15:5-65
MERGED from [:VuforiaWrapper:] AndroidManifest.xml:15:5-65
	android:name
		ADDED from src\main\AndroidManifest.xml:5:20-60
uses-permission#android.permission.INTERNET
ADDED from src\main\AndroidManifest.xml:6:3-65
MERGED from [:VuforiaWrapper:] AndroidManifest.xml:14:5-67
MERGED from [:VuforiaWrapper:] AndroidManifest.xml:14:5-67
MERGED from [com.microsoft.cognitiveservices.speech:client-sdk:1.2.0] AndroidManifest.xml:12:5-67
MERGED from [com.microsoft.cognitiveservices.speech:client-sdk:1.2.0] AndroidManifest.xml:12:5-67
	android:name
		ADDED from src\main\AndroidManifest.xml:6:20-62
uses-permission#android.permission.RECORD_AUDIO
ADDED from src\main\AndroidManifest.xml:7:3-69
MERGED from [com.microsoft.cognitiveservices.speech:client-sdk:1.2.0] AndroidManifest.xml:11:5-71
MERGED from [com.microsoft.cognitiveservices.speech:client-sdk:1.2.0] AndroidManifest.xml:11:5-71
	android:name
		ADDED from src\main\AndroidManifest.xml:7:20-66
application
ADDED from src\main\AndroidManifest.xml:9:3-61:17
MERGED from [:VuforiaWrapper:] AndroidManifest.xml:19:5-30:19
MERGED from [:VuforiaWrapper:] AndroidManifest.xml:19:5-30:19
MERGED from [com.android.support.constraint:constraint-layout:1.1.3] AndroidManifest.xml:9:5-20
MERGED from [com.android.support.constraint:constraint-layout:1.1.3] AndroidManifest.xml:9:5-20
MERGED from [com.android.support:support-compat:28.0.0] AndroidManifest.xml:22:5-94
MERGED from [com.android.support:support-compat:28.0.0] AndroidManifest.xml:22:5-94
MERGED from [com.android.support:versionedparcelable:28.0.0] AndroidManifest.xml:22:5-23:19
MERGED from [com.android.support:versionedparcelable:28.0.0] AndroidManifest.xml:22:5-23:19
	android:appComponentFactory
		ADDED from [com.android.support:support-compat:28.0.0] AndroidManifest.xml:22:18-91
	android:supportsRtl
		ADDED from src\main\AndroidManifest.xml:13:7-33
	android:label
		ADDED from src\main\AndroidManifest.xml:11:7-39
	android:debuggable
		ADDED from [:VuforiaWrapper:] AndroidManifest.xml:19:18-44
	tools:ignore
		ADDED from src\main\AndroidManifest.xml:14:7-46
	android:roundIcon
		ADDED from src\main\AndroidManifest.xml:12:7-51
	android:icon
		ADDED from src\main\AndroidManifest.xml:10:7-46
	android:allowBackup
		ADDED from src\main\AndroidManifest.xml:9:16-42
	android:banner
		ADDED from src\main\AndroidManifest.xml:13:88-125
	android:theme
		ADDED from src\main\AndroidManifest.xml:13:34-65
	android:isGame
		ADDED from src\main\AndroidManifest.xml:13:66-87
activity#com.meltdownLabs.interpretAR.AboutUsActivity
ADDED from src\main\AndroidManifest.xml:16:5-20:16
	android:screenOrientation
		ADDED from src\main\AndroidManifest.xml:19:9-45
	android:parentActivityName
		ADDED from src\main\AndroidManifest.xml:17:9-79
	android:configChanges
		ADDED from src\main\AndroidManifest.xml:18:9-44
	android:name
		ADDED from src\main\AndroidManifest.xml:16:15-74
activity#com.meltdownLabs.interpretAR.VocabInfoActivity
ADDED from src\main\AndroidManifest.xml:22:5-26:16
	android:screenOrientation
		ADDED from src\main\AndroidManifest.xml:25:9-45
	android:parentActivityName
		ADDED from src\main\AndroidManifest.xml:23:9-79
	android:configChanges
		ADDED from src\main\AndroidManifest.xml:24:9-44
	android:name
		ADDED from src\main\AndroidManifest.xml:22:15-76
activity#com.meltdownLabs.interpretAR.MainActivity
ADDED from src\main\AndroidManifest.xml:28:5-38:16
	android:screenOrientation
		ADDED from src\main\AndroidManifest.xml:30:9-45
	android:configChanges
		ADDED from src\main\AndroidManifest.xml:29:9-44
	android:name
		ADDED from src\main\AndroidManifest.xml:28:15-71
intent-filter#action:name:android.intent.action.MAIN+category:name:android.intent.category.LAUNCHER+category:name:android.intent.category.LEANBACK_LAUNCHER
ADDED from src\main\AndroidManifest.xml:32:7-36:23
action#android.intent.action.MAIN
ADDED from src\main\AndroidManifest.xml:33:9-61
	android:name
		ADDED from src\main\AndroidManifest.xml:33:17-58
category#android.intent.category.LAUNCHER
ADDED from src\main\AndroidManifest.xml:34:9-69
	android:name
		ADDED from src\main\AndroidManifest.xml:34:19-66
category#android.intent.category.LEANBACK_LAUNCHER
ADDED from src\main\AndroidManifest.xml:35:9-78
	android:name
		ADDED from src\main\AndroidManifest.xml:35:19-75
activity#com.meltdownLabs.interpretAR.TranslatarActivity
ADDED from src\main\AndroidManifest.xml:40:5-48:16
	android:parentActivityName
		ADDED from src\main\AndroidManifest.xml:44:9-79
	android:label
		ADDED from src\main\AndroidManifest.xml:43:9-41
	android:exported
		ADDED from src\main\AndroidManifest.xml:42:9-32
	android:configChanges
		ADDED from src\main\AndroidManifest.xml:41:9-55
	android:theme
		ADDED from src\main\AndroidManifest.xml:45:9-46
	android:name
		ADDED from src\main\AndroidManifest.xml:40:15-77
activity#com.meltdownLabs.interpretAR.UnityPlayerActivity
ADDED from src\main\AndroidManifest.xml:49:5-55:16
	android:parentActivityName
		ADDED from src\main\AndroidManifest.xml:52:9-79
	android:exported
		ADDED from src\main\AndroidManifest.xml:51:9-32
	android:configChanges
		ADDED from src\main\AndroidManifest.xml:50:9-55
	android:theme
		ADDED from src\main\AndroidManifest.xml:53:9-46
	android:name
		ADDED from src\main\AndroidManifest.xml:49:15-78
meta-data#unity.build-id
ADDED from src\main\AndroidManifest.xml:58:5-101
	android:value
		ADDED from src\main\AndroidManifest.xml:58:46-98
	android:name
		ADDED from src\main\AndroidManifest.xml:58:16-45
meta-data#unity.splash-mode
ADDED from src\main\AndroidManifest.xml:59:5-69
	android:value
		ADDED from src\main\AndroidManifest.xml:59:49-66
	android:name
		ADDED from src\main\AndroidManifest.xml:59:16-48
meta-data#unity.splash-enable
ADDED from src\main\AndroidManifest.xml:60:5-74
	android:value
		ADDED from src\main\AndroidManifest.xml:60:51-71
	android:name
		ADDED from src\main\AndroidManifest.xml:60:16-50
uses-feature#0x00020000
ADDED from src\main\AndroidManifest.xml:64:3-52
	android:glEsVersion
		ADDED from src\main\AndroidManifest.xml:64:17-49
uses-feature#android.hardware.camera.autofocus
ADDED from src\main\AndroidManifest.xml:65:3-93
	android:required
		ADDED from src\main\AndroidManifest.xml:65:66-90
	android:name
		ADDED from src\main\AndroidManifest.xml:65:17-65
uses-feature#android.hardware.camera.front
ADDED from src\main\AndroidManifest.xml:66:3-89
	android:required
		ADDED from src\main\AndroidManifest.xml:66:62-86
	android:name
		ADDED from src\main\AndroidManifest.xml:66:17-61
uses-permission#android.permission.WRITE_EXTERNAL_STORAGE
ADDED from src\main\AndroidManifest.xml:67:3-106
MERGED from [:VuforiaWrapper:] AndroidManifest.xml:17:5-81
MERGED from [:VuforiaWrapper:] AndroidManifest.xml:17:5-81
	android:maxSdkVersion
		ADDED from src\main\AndroidManifest.xml:67:77-103
	android:name
		ADDED from src\main\AndroidManifest.xml:67:20-76
uses-permission#android.permission.READ_EXTERNAL_STORAGE
ADDED from src\main\AndroidManifest.xml:68:3-105
	android:maxSdkVersion
		ADDED from src\main\AndroidManifest.xml:68:76-102
	android:name
		ADDED from src\main\AndroidManifest.xml:68:20-75
uses-feature#android.hardware.touchscreen
ADDED from src\main\AndroidManifest.xml:69:3-88
	android:required
		ADDED from src\main\AndroidManifest.xml:69:61-85
	android:name
		ADDED from src\main\AndroidManifest.xml:69:17-60
uses-feature#android.hardware.touchscreen.multitouch
ADDED from src\main\AndroidManifest.xml:70:3-99
	android:required
		ADDED from src\main\AndroidManifest.xml:70:72-96
	android:name
		ADDED from src\main\AndroidManifest.xml:70:17-71
uses-feature#android.hardware.touchscreen.multitouch.distinct
ADDED from src\main\AndroidManifest.xml:71:3-108
	android:required
		ADDED from src\main\AndroidManifest.xml:71:81-105
	android:name
		ADDED from src\main\AndroidManifest.xml:71:17-80
uses-feature#android.software.leanback
ADDED from src\main\AndroidManifest.xml:78:3-79:34
	android:required
		ADDED from src\main\AndroidManifest.xml:79:7-31
	android:name
		ADDED from src\main\AndroidManifest.xml:78:17-57
uses-sdk
INJECTED from src\main\AndroidManifest.xml reason: use-sdk injection requested
INJECTED from src\main\AndroidManifest.xml
INJECTED from src\main\AndroidManifest.xml
MERGED from [:VuforiaWrapper:] AndroidManifest.xml:8:5-10:41
MERGED from [:VuforiaWrapper:] AndroidManifest.xml:8:5-10:41
MERGED from [com.android.support:appcompat-v7:28.0.0] AndroidManifest.xml:20:5-44
MERGED from [com.android.support:appcompat-v7:28.0.0] AndroidManifest.xml:20:5-44
MERGED from [com.android.support.constraint:constraint-layout:1.1.3] AndroidManifest.xml:5:5-7:41
MERGED from [com.android.support.constraint:constraint-layout:1.1.3] AndroidManifest.xml:5:5-7:41
MERGED from [com.microsoft.cognitiveservices.speech:client-sdk:1.2.0] AndroidManifest.xml:7:5-9:41
MERGED from [com.microsoft.cognitiveservices.speech:client-sdk:1.2.0] AndroidManifest.xml:7:5-9:41
MERGED from [com.android.support:support-fragment:28.0.0] AndroidManifest.xml:20:5-44
MERGED from [com.android.support:support-fragment:28.0.0] AndroidManifest.xml:20:5-44
MERGED from [com.android.support:animated-vector-drawable:28.0.0] AndroidManifest.xml:20:5-44
MERGED from [com.android.support:animated-vector-drawable:28.0.0] AndroidManifest.xml:20:5-44
MERGED from [com.android.support:support-core-ui:28.0.0] AndroidManifest.xml:20:5-44
MERGED from [com.android.support:support-core-ui:28.0.0] AndroidManifest.xml:20:5-44
MERGED from [com.android.support:support-core-utils:28.0.0] AndroidManifest.xml:20:5-44
MERGED from [com.android.support:support-core-utils:28.0.0] AndroidManifest.xml:20:5-44
MERGED from [com.android.support:support-vector-drawable:28.0.0] AndroidManifest.xml:20:5-44
MERGED from [com.android.support:support-vector-drawable:28.0.0] AndroidManifest.xml:20:5-44
MERGED from [com.android.support:loader:28.0.0] AndroidManifest.xml:20:5-44
MERGED from [com.android.support:loader:28.0.0] AndroidManifest.xml:20:5-44
MERGED from [com.android.support:viewpager:28.0.0] AndroidManifest.xml:20:5-44
MERGED from [com.android.support:viewpager:28.0.0] AndroidManifest.xml:20:5-44
MERGED from [com.android.support:coordinatorlayout:28.0.0] AndroidManifest.xml:20:5-44
MERGED from [com.android.support:coordinatorlayout:28.0.0] AndroidManifest.xml:20:5-44
MERGED from [com.android.support:drawerlayout:28.0.0] AndroidManifest.xml:20:5-44
MERGED from [com.android.support:drawerlayout:28.0.0] AndroidManifest.xml:20:5-44
MERGED from [com.android.support:slidingpanelayout:28.0.0] AndroidManifest.xml:20:5-44
MERGED from [com.android.support:slidingpanelayout:28.0.0] AndroidManifest.xml:20:5-44
MERGED from [com.android.support:customview:28.0.0] AndroidManifest.xml:20:5-44
MERGED from [com.android.support:customview:28.0.0] AndroidManifest.xml:20:5-44
MERGED from [com.android.support:swiperefreshlayout:28.0.0] AndroidManifest.xml:20:5-44
MERGED from [com.android.support:swiperefreshlayout:28.0.0] AndroidManifest.xml:20:5-44
MERGED from [com.android.support:asynclayoutinflater:28.0.0] AndroidManifest.xml:20:5-44
MERGED from [com.android.support:asynclayoutinflater:28.0.0] AndroidManifest.xml:20:5-44
MERGED from [com.android.support:support-compat:28.0.0] AndroidManifest.xml:20:5-44
MERGED from [com.android.support:support-compat:28.0.0] AndroidManifest.xml:20:5-44
MERGED from [com.android.support:versionedparcelable:28.0.0] AndroidManifest.xml:20:5-44
MERGED from [com.android.support:versionedparcelable:28.0.0] AndroidManifest.xml:20:5-44
MERGED from [com.android.support:cursoradapter:28.0.0] AndroidManifest.xml:20:5-44
MERGED from [com.android.support:cursoradapter:28.0.0] AndroidManifest.xml:20:5-44
MERGED from [android.arch.lifecycle:runtime:1.1.1] AndroidManifest.xml:20:5-44
MERGED from [android.arch.lifecycle:runtime:1.1.1] AndroidManifest.xml:20:5-44
MERGED from [com.android.support:documentfile:28.0.0] AndroidManifest.xml:20:5-44
MERGED from [com.android.support:documentfile:28.0.0] AndroidManifest.xml:20:5-44
MERGED from [com.android.support:localbroadcastmanager:28.0.0] AndroidManifest.xml:20:5-44
MERGED from [com.android.support:localbroadcastmanager:28.0.0] AndroidManifest.xml:20:5-44
MERGED from [com.android.support:print:28.0.0] AndroidManifest.xml:20:5-44
MERGED from [com.android.support:print:28.0.0] AndroidManifest.xml:20:5-44
MERGED from [android.arch.lifecycle:viewmodel:1.1.1] AndroidManifest.xml:20:5-44
MERGED from [android.arch.lifecycle:viewmodel:1.1.1] AndroidManifest.xml:20:5-44
MERGED from [android.arch.lifecycle:livedata:1.1.1] AndroidManifest.xml:20:5-44
MERGED from [android.arch.lifecycle:livedata:1.1.1] AndroidManifest.xml:20:5-44
MERGED from [android.arch.lifecycle:livedata-core:1.1.1] AndroidManifest.xml:20:5-44
MERGED from [android.arch.lifecycle:livedata-core:1.1.1] AndroidManifest.xml:20:5-44
MERGED from [android.arch.core:runtime:1.1.1] AndroidManifest.xml:20:5-44
MERGED from [android.arch.core:runtime:1.1.1] AndroidManifest.xml:20:5-44
MERGED from [com.android.support:interpolator:28.0.0] AndroidManifest.xml:20:5-44
MERGED from [com.android.support:interpolator:28.0.0] AndroidManifest.xml:20:5-44
INJECTED from src\main\AndroidManifest.xml
INJECTED from src\main\AndroidManifest.xml
	android:targetSdkVersion
		INJECTED from src\main\AndroidManifest.xml
		ADDED from src\main\AndroidManifest.xml
		INJECTED from src\main\AndroidManifest.xml
	android:minSdkVersion
		INJECTED from src\main\AndroidManifest.xml
		ADDED from src\main\AndroidManifest.xml
		INJECTED from src\main\AndroidManifest.xml
uses-feature#android.hardware.camera
ADDED from [:VuforiaWrapper:] AndroidManifest.xml:12:5-60
	android:name
		ADDED from [:VuforiaWrapper:] AndroidManifest.xml:12:19-57
uses-permission#android.permission.ACCESS_NETWORK_STATE
ADDED from [:VuforiaWrapper:] AndroidManifest.xml:16:5-79
	android:name
		ADDED from [:VuforiaWrapper:] AndroidManifest.xml:16:22-76
meta-data#com.google.ar.core
ADDED from [:VuforiaWrapper:] AndroidManifest.xml:22:9-24:40
	android:value
		ADDED from [:VuforiaWrapper:] AndroidManifest.xml:24:13-37
	android:name
		ADDED from [:VuforiaWrapper:] AndroidManifest.xml:23:13-46
uses-library#com.osterhoutgroup.api.ext
ADDED from [:VuforiaWrapper:] AndroidManifest.xml:27:9-29:40
	android:required
		ADDED from [:VuforiaWrapper:] AndroidManifest.xml:29:13-37
	android:name
		ADDED from [:VuforiaWrapper:] AndroidManifest.xml:28:13-54